<?xml version="1.0" encoding="UTF-8" ?>
<testsuite failures="0" time="0.594" errors="0" skipped="0" tests="2" name="com.io.hadoop.training.WeatherPersonTest">
  <properties>
    <property name="java.runtime.name" value="OpenJDK Runtime Environment"/>
    <property name="sun.boot.library.path" value="/usr/lib/jvm/java-6-openjdk/jre/lib/amd64"/>
    <property name="java.vm.version" value="19.0-b09"/>
    <property name="java.vm.vendor" value="Sun Microsystems Inc."/>
    <property name="java.vendor.url" value="http://java.sun.com/"/>
    <property name="path.separator" value=":"/>
    <property name="java.vm.name" value="OpenJDK 64-Bit Server VM"/>
    <property name="file.encoding.pkg" value="sun.io"/>
    <property name="user.country" value="US"/>
    <property name="sun.java.launcher" value="SUN_STANDARD"/>
    <property name="sun.os.patch.level" value="unknown"/>
    <property name="java.vm.specification.name" value="Java Virtual Machine Specification"/>
    <property name="user.dir" value="/home/ubuntu/src/hadoop-test"/>
    <property name="java.runtime.version" value="1.6.0_20-b20"/>
    <property name="java.awt.graphicsenv" value="sun.awt.X11GraphicsEnvironment"/>
    <property name="basedir" value="/home/ubuntu/src/hadoop-test"/>
    <property name="java.endorsed.dirs" value="/usr/lib/jvm/java-6-openjdk/jre/lib/endorsed"/>
    <property name="os.arch" value="amd64"/>
    <property name="surefire.real.class.path" value="/tmp/surefirebooter7842002042015828048.jar"/>
    <property name="java.io.tmpdir" value="/tmp"/>
    <property name="line.separator" value="
"/>
    <property name="java.vm.specification.vendor" value="Sun Microsystems Inc."/>
    <property name="os.name" value="Linux"/>
    <property name="sun.jnu.encoding" value="UTF-8"/>
    <property name="java.library.path" value="/usr/lib/jvm/java-6-openjdk/jre/lib/amd64/server:/usr/lib/jvm/java-6-openjdk/jre/lib/amd64:/usr/lib/jvm/java-6-openjdk/jre/../lib/amd64:/usr/java/packages/lib/amd64:/usr/lib/jni:/lib:/usr/lib"/>
    <property name="surefire.test.class.path" value="/home/ubuntu/src/hadoop-test/target/test-classes:/home/ubuntu/src/hadoop-test/target/classes:/home/ubuntu/.m2/repository/org/apache/hadoop/hadoop-core/1.0.3/hadoop-core-1.0.3.jar:/home/ubuntu/.m2/repository/commons-cli/commons-cli/1.2/commons-cli-1.2.jar:/home/ubuntu/.m2/repository/xmlenc/xmlenc/0.52/xmlenc-0.52.jar:/home/ubuntu/.m2/repository/commons-httpclient/commons-httpclient/3.0.1/commons-httpclient-3.0.1.jar:/home/ubuntu/.m2/repository/junit/junit/4.8.1/junit-4.8.1.jar:/home/ubuntu/.m2/repository/commons-logging/commons-logging/1.0.3/commons-logging-1.0.3.jar:/home/ubuntu/.m2/repository/commons-codec/commons-codec/1.4/commons-codec-1.4.jar:/home/ubuntu/.m2/repository/org/apache/commons/commons-math/2.1/commons-math-2.1.jar:/home/ubuntu/.m2/repository/commons-configuration/commons-configuration/1.6/commons-configuration-1.6.jar:/home/ubuntu/.m2/repository/commons-collections/commons-collections/3.2.1/commons-collections-3.2.1.jar:/home/ubuntu/.m2/repository/commons-lang/commons-lang/2.4/commons-lang-2.4.jar:/home/ubuntu/.m2/repository/commons-digester/commons-digester/1.8/commons-digester-1.8.jar:/home/ubuntu/.m2/repository/commons-beanutils/commons-beanutils/1.7.0/commons-beanutils-1.7.0.jar:/home/ubuntu/.m2/repository/commons-beanutils/commons-beanutils-core/1.8.0/commons-beanutils-core-1.8.0.jar:/home/ubuntu/.m2/repository/commons-net/commons-net/1.4.1/commons-net-1.4.1.jar:/home/ubuntu/.m2/repository/oro/oro/2.0.8/oro-2.0.8.jar:/home/ubuntu/.m2/repository/org/mortbay/jetty/jetty/6.1.26/jetty-6.1.26.jar:/home/ubuntu/.m2/repository/org/mortbay/jetty/jetty-util/6.1.26/jetty-util-6.1.26.jar:/home/ubuntu/.m2/repository/org/mortbay/jetty/servlet-api/2.5-20081211/servlet-api-2.5-20081211.jar:/home/ubuntu/.m2/repository/tomcat/jasper-runtime/5.5.12/jasper-runtime-5.5.12.jar:/home/ubuntu/.m2/repository/tomcat/jasper-compiler/5.5.12/jasper-compiler-5.5.12.jar:/home/ubuntu/.m2/repository/org/mortbay/jetty/jsp-api-2.1/6.1.14/jsp-api-2.1-6.1.14.jar:/home/ubuntu/.m2/repository/org/mortbay/jetty/servlet-api-2.5/6.1.14/servlet-api-2.5-6.1.14.jar:/home/ubuntu/.m2/repository/org/mortbay/jetty/jsp-2.1/6.1.14/jsp-2.1-6.1.14.jar:/home/ubuntu/.m2/repository/org/eclipse/jdt/core/3.1.1/core-3.1.1.jar:/home/ubuntu/.m2/repository/ant/ant/1.6.5/ant-1.6.5.jar:/home/ubuntu/.m2/repository/commons-el/commons-el/1.0/commons-el-1.0.jar:/home/ubuntu/.m2/repository/net/java/dev/jets3t/jets3t/0.7.1/jets3t-0.7.1.jar:/home/ubuntu/.m2/repository/net/sf/kosmosfs/kfs/0.3/kfs-0.3.jar:/home/ubuntu/.m2/repository/hsqldb/hsqldb/1.8.0.10/hsqldb-1.8.0.10.jar:/home/ubuntu/.m2/repository/org/codehaus/jackson/jackson-mapper-asl/1.0.1/jackson-mapper-asl-1.0.1.jar:/home/ubuntu/.m2/repository/org/codehaus/jackson/jackson-core-asl/1.0.1/jackson-core-asl-1.0.1.jar:/home/ubuntu/.m2/repository/org/mockito/mockito-all/1.8.4/mockito-all-1.8.4.jar:/home/ubuntu/.m2/repository/org/apache/pig/pig/0.9.2/pig-0.9.2.jar:/home/ubuntu/.m2/repository/org/apache/hadoop/avro/1.3.2/avro-1.3.2.jar:/home/ubuntu/.m2/repository/org/slf4j/slf4j-api/1.5.11/slf4j-api-1.5.11.jar:/home/ubuntu/.m2/repository/com/thoughtworks/paranamer/paranamer/2.2/paranamer-2.2.jar:/home/ubuntu/.m2/repository/com/thoughtworks/paranamer/paranamer-ant/2.2/paranamer-ant-2.2.jar:/home/ubuntu/.m2/repository/com/thoughtworks/paranamer/paranamer-generator/2.2/paranamer-generator-2.2.jar:/home/ubuntu/.m2/repository/com/thoughtworks/qdox/qdox/1.10.1/qdox-1.10.1.jar:/home/ubuntu/.m2/repository/asm/asm/3.2/asm-3.2.jar:"/>
    <property name="java.specification.name" value="Java Platform API Specification"/>
    <property name="java.class.version" value="50.0"/>
    <property name="sun.management.compiler" value="HotSpot 64-Bit Server Compiler"/>
    <property name="os.version" value="2.6.32-28-server"/>
    <property name="user.home" value="/home/ubuntu"/>
    <property name="user.timezone" value="America/Los_Angeles"/>
    <property name="java.awt.printerjob" value="sun.print.PSPrinterJob"/>
    <property name="file.encoding" value="UTF-8"/>
    <property name="java.specification.version" value="1.6"/>
    <property name="user.name" value="ubuntu"/>
    <property name="java.class.path" value="/home/ubuntu/src/hadoop-test/target/test-classes:/home/ubuntu/src/hadoop-test/target/classes:/home/ubuntu/.m2/repository/org/apache/hadoop/hadoop-core/1.0.3/hadoop-core-1.0.3.jar:/home/ubuntu/.m2/repository/commons-cli/commons-cli/1.2/commons-cli-1.2.jar:/home/ubuntu/.m2/repository/xmlenc/xmlenc/0.52/xmlenc-0.52.jar:/home/ubuntu/.m2/repository/commons-httpclient/commons-httpclient/3.0.1/commons-httpclient-3.0.1.jar:/home/ubuntu/.m2/repository/junit/junit/4.8.1/junit-4.8.1.jar:/home/ubuntu/.m2/repository/commons-logging/commons-logging/1.0.3/commons-logging-1.0.3.jar:/home/ubuntu/.m2/repository/commons-codec/commons-codec/1.4/commons-codec-1.4.jar:/home/ubuntu/.m2/repository/org/apache/commons/commons-math/2.1/commons-math-2.1.jar:/home/ubuntu/.m2/repository/commons-configuration/commons-configuration/1.6/commons-configuration-1.6.jar:/home/ubuntu/.m2/repository/commons-collections/commons-collections/3.2.1/commons-collections-3.2.1.jar:/home/ubuntu/.m2/repository/commons-lang/commons-lang/2.4/commons-lang-2.4.jar:/home/ubuntu/.m2/repository/commons-digester/commons-digester/1.8/commons-digester-1.8.jar:/home/ubuntu/.m2/repository/commons-beanutils/commons-beanutils/1.7.0/commons-beanutils-1.7.0.jar:/home/ubuntu/.m2/repository/commons-beanutils/commons-beanutils-core/1.8.0/commons-beanutils-core-1.8.0.jar:/home/ubuntu/.m2/repository/commons-net/commons-net/1.4.1/commons-net-1.4.1.jar:/home/ubuntu/.m2/repository/oro/oro/2.0.8/oro-2.0.8.jar:/home/ubuntu/.m2/repository/org/mortbay/jetty/jetty/6.1.26/jetty-6.1.26.jar:/home/ubuntu/.m2/repository/org/mortbay/jetty/jetty-util/6.1.26/jetty-util-6.1.26.jar:/home/ubuntu/.m2/repository/org/mortbay/jetty/servlet-api/2.5-20081211/servlet-api-2.5-20081211.jar:/home/ubuntu/.m2/repository/tomcat/jasper-runtime/5.5.12/jasper-runtime-5.5.12.jar:/home/ubuntu/.m2/repository/tomcat/jasper-compiler/5.5.12/jasper-compiler-5.5.12.jar:/home/ubuntu/.m2/repository/org/mortbay/jetty/jsp-api-2.1/6.1.14/jsp-api-2.1-6.1.14.jar:/home/ubuntu/.m2/repository/org/mortbay/jetty/servlet-api-2.5/6.1.14/servlet-api-2.5-6.1.14.jar:/home/ubuntu/.m2/repository/org/mortbay/jetty/jsp-2.1/6.1.14/jsp-2.1-6.1.14.jar:/home/ubuntu/.m2/repository/org/eclipse/jdt/core/3.1.1/core-3.1.1.jar:/home/ubuntu/.m2/repository/ant/ant/1.6.5/ant-1.6.5.jar:/home/ubuntu/.m2/repository/commons-el/commons-el/1.0/commons-el-1.0.jar:/home/ubuntu/.m2/repository/net/java/dev/jets3t/jets3t/0.7.1/jets3t-0.7.1.jar:/home/ubuntu/.m2/repository/net/sf/kosmosfs/kfs/0.3/kfs-0.3.jar:/home/ubuntu/.m2/repository/hsqldb/hsqldb/1.8.0.10/hsqldb-1.8.0.10.jar:/home/ubuntu/.m2/repository/org/codehaus/jackson/jackson-mapper-asl/1.0.1/jackson-mapper-asl-1.0.1.jar:/home/ubuntu/.m2/repository/org/codehaus/jackson/jackson-core-asl/1.0.1/jackson-core-asl-1.0.1.jar:/home/ubuntu/.m2/repository/org/mockito/mockito-all/1.8.4/mockito-all-1.8.4.jar:/home/ubuntu/.m2/repository/org/apache/pig/pig/0.9.2/pig-0.9.2.jar:/home/ubuntu/.m2/repository/org/apache/hadoop/avro/1.3.2/avro-1.3.2.jar:/home/ubuntu/.m2/repository/org/slf4j/slf4j-api/1.5.11/slf4j-api-1.5.11.jar:/home/ubuntu/.m2/repository/com/thoughtworks/paranamer/paranamer/2.2/paranamer-2.2.jar:/home/ubuntu/.m2/repository/com/thoughtworks/paranamer/paranamer-ant/2.2/paranamer-ant-2.2.jar:/home/ubuntu/.m2/repository/com/thoughtworks/paranamer/paranamer-generator/2.2/paranamer-generator-2.2.jar:/home/ubuntu/.m2/repository/com/thoughtworks/qdox/qdox/1.10.1/qdox-1.10.1.jar:/home/ubuntu/.m2/repository/asm/asm/3.2/asm-3.2.jar:"/>
    <property name="java.vm.specification.version" value="1.0"/>
    <property name="sun.arch.data.model" value="64"/>
    <property name="java.home" value="/usr/lib/jvm/java-6-openjdk/jre"/>
    <property name="java.specification.vendor" value="Sun Microsystems Inc."/>
    <property name="user.language" value="en"/>
    <property name="java.vm.info" value="mixed mode"/>
    <property name="java.version" value="1.6.0_20"/>
    <property name="java.ext.dirs" value="/usr/lib/jvm/java-6-openjdk/jre/lib/ext:/usr/java/packages/lib/ext"/>
    <property name="sun.boot.class.path" value="/usr/lib/jvm/java-6-openjdk/jre/lib/resources.jar:/usr/lib/jvm/java-6-openjdk/jre/lib/rt.jar:/usr/lib/jvm/java-6-openjdk/jre/lib/sunrsasign.jar:/usr/lib/jvm/java-6-openjdk/jre/lib/jsse.jar:/usr/lib/jvm/java-6-openjdk/jre/lib/jce.jar:/usr/lib/jvm/java-6-openjdk/jre/lib/charsets.jar:/usr/lib/jvm/java-6-openjdk/jre/lib/netx.jar:/usr/lib/jvm/java-6-openjdk/jre/lib/plugin.jar:/usr/lib/jvm/java-6-openjdk/jre/lib/rhino.jar:/usr/lib/jvm/java-6-openjdk/jre/lib/modules/jdk.boot.jar:/usr/lib/jvm/java-6-openjdk/jre/classes"/>
    <property name="java.vendor" value="Sun Microsystems Inc."/>
    <property name="localRepository" value="/home/ubuntu/.m2/repository"/>
    <property name="file.separator" value="/"/>
    <property name="java.vendor.url.bug" value="http://java.sun.com/cgi-bin/bugreport.cgi"/>
    <property name="sun.cpu.endian" value="little"/>
    <property name="sun.io.unicode.encoding" value="UnicodeLittle"/>
    <property name="sun.cpu.isalist" value=""/>
  </properties>
  <testcase time="0.481" classname="com.io.hadoop.training.WeatherPersonTest" name="processWeatherRecords"/>
  <testcase time="0.002" classname="com.io.hadoop.training.WeatherPersonTest" name="processInvalidDateRecords"/>
</testsuite>